<?xml version="1.0" encoding="UTF-8"?>
<!-- Generated by org.testng.reporters.JUnitReportReporter -->
<testsuite hostname="DESKTOP-0TV3JBH" failures="0" tests="1" name="Academy.HomePage" time="26.547" errors="0" timestamp="2022-06-15T09:02:19 BST" skipped="0">
  <testcase classname="Academy.HomePage" name="addHighestPriceDressIncart" time="26.547"/>
  <system-out/>
</testsuite> <!-- Academy.HomePage -->
